[05Feb2025 00:03:08.484] [Server thread/WARN] [net.minecraft.server.MinecraftServer/]: Can't keep up! Is the server overloaded? Running 2062ms or 41 ticks behind
[05Feb2025 00:03:29.360] [Worker-Main-2/WARN] [com.finndog.mvs.MVSCommon/]: Moog's Voyager Structures: Empty or nonexistent pool: mvs:farm/side_pool which is being called from mvs:other_decoration/wheat_grain_bin
[05Feb2025 00:03:36.239] [Worker-Main-2/WARN] [net.minecraft.world.level.levelgen.structure.pools.JigsawPlacement/]: Empty or non-existent pool: minecraft:monster_hunter_additions_3_pool
[05Feb2025 00:03:36.240] [Worker-Main-2/WARN] [net.minecraft.world.level.levelgen.structure.pools.JigsawPlacement/]: Empty or non-existent pool: minecraft:monster_hunter_additions_3_pool
[05Feb2025 00:03:36.240] [Worker-Main-2/WARN] [net.minecraft.world.level.levelgen.structure.pools.JigsawPlacement/]: Empty or non-existent pool: minecraft:monster_hunter_end_1_pool
[05Feb2025 00:03:39.528] [Server thread/INFO] [net.minecraft.server.MinecraftServer/]: 789123 was slain by Fire Dragon
[05Feb2025 00:03:45.569] [Server thread/INFO] [net.minecraft.server.MinecraftServer/]: [Not Secure] <789123> estaba dormido
[05Feb2025 00:03:50.912] [Server thread/INFO] [net.minecraft.server.MinecraftServer/]: [Not Secure] <789123> y fui por pnd
[05Feb2025 00:04:39.681] [Server thread/INFO] [net.minecraft.server.MinecraftServer/]: 789123 has made the advancement [When in Rome]
[05Feb2025 00:04:47.976] [Server thread/INFO] [net.minecraft.server.MinecraftServer/]: [Not Secure] <kevin123j2> xd
[05Feb2025 00:04:53.446] [Server thread/INFO] [net.minecraft.server.MinecraftServer/]: [Not Secure] <789123> aaa
[05Feb2025 00:04:56.843] [Server thread/INFO] [net.minecraft.server.MinecraftServer/]: [Not Secure] <789123> sos
[05Feb2025 00:05:05.119] [Server thread/INFO] [net.minecraft.server.MinecraftServer/]: [Not Secure] <789123> serpieet
[05Feb2025 00:05:38.765] [Server thread/WARN] [net.minecraft.server.network.ServerGamePacketListenerImpl/]: Fire Dragon (vehicle of kevin123j2) moved too quickly! 8.00031100740864,0.0,7.603132971951908
[05Feb2025 00:05:38.765] [Server thread/WARN] [net.minecraft.server.network.ServerGamePacketListenerImpl/]: Fire Dragon (vehicle of kevin123j2) moved too quickly! 8.894715178060778,0.0,8.452522356613713
[05Feb2025 00:05:38.766] [Server thread/WARN] [net.minecraft.server.network.ServerGamePacketListenerImpl/]: Fire Dragon (vehicle of kevin123j2) moved too quickly! 9.789783670626434,0.0,9.302468925984499
[05Feb2025 00:05:38.766] [Server thread/WARN] [net.minecraft.server.network.ServerGamePacketListenerImpl/]: Fire Dragon (vehicle of kevin123j2) moved too quickly! 10.685438095119821,0.0,10.152906932268593
[05Feb2025 00:05:38.767] [Server thread/WARN] [net.minecraft.server.network.ServerGamePacketListenerImpl/]: Fire Dragon (vehicle of kevin123j2) moved too quickly! 11.581609311573516,0.0,11.003778385910238
[05Feb2025 00:05:38.767] [Server thread/WARN] [net.minecraft.server.network.ServerGamePacketListenerImpl/]: Fire Dragon (vehicle of kevin123j2) moved too quickly! 12.477965402292853,0.0,11.855316882366537
[05Feb2025 00:05:38.768] [Server thread/WARN] [net.minecraft.server.network.ServerGamePacketListenerImpl/]: Fire Dragon (vehicle of kevin123j2) moved too quickly! 13.374484552114495,0.0,12.707443710585352
[05Feb2025 00:05:38.768] [Server thread/WARN] [net.minecraft.server.network.ServerGamePacketListenerImpl/]: Fire Dragon (vehicle of kevin123j2) moved too quickly! 14.271147520064346,0.0,13.560089447418733
[05Feb2025 00:05:38.768] [Server thread/WARN] [net.minecraft.server.network.ServerGamePacketListenerImpl/]: Fire Dragon (vehicle of kevin123j2) moved too quickly! 15.167937335603256,0.0,14.413192861650117
[05Feb2025 00:05:38.769] [Server thread/WARN] [net.minecraft.server.network.ServerGamePacketListenerImpl/]: Fire Dragon (vehicle of kevin123j2) moved too quickly! 16.06483903071569,0.0,15.26669994734658
[05Feb2025 00:05:38.769] [Server thread/WARN] [net.minecraft.server.network.ServerGamePacketListenerImpl/]: Fire Dragon (vehicle of kevin123j2) moved too quickly! 16.961839403611975,0.0,16.120563071275228
[05Feb2025 00:05:38.770] [Server thread/WARN] [net.minecraft.server.network.ServerGamePacketListenerImpl/]: Fire Dragon (vehicle of kevin123j2) moved too quickly! 17.858926810313733,0.0,16.974740220924645
[05Feb2025 00:05:38.823] [Server thread/WARN] [net.minecraft.server.network.ServerGamePacketListenerImpl/]: Fire Dragon (vehicle of kevin123j2) moved too quickly! 11.649430944626943,0.0,11.074819025274735
[05Feb2025 00:05:38.872] [Server thread/WARN] [net.minecraft.server.network.ServerGamePacketListenerImpl/]: Fire Dragon (vehicle of kevin123j2) moved too quickly! 12.546662820830988,0.0,11.929517433754711
[05Feb2025 00:05:38.914] [Server thread/WARN] [net.minecraft.server.network.ServerGamePacketListenerImpl/]: Fire Dragon (vehicle of kevin123j2) moved too quickly! 13.443954413450115,0.0,12.784431304378415
[05Feb2025 00:05:51.546] [Worker-Main-2/WARN] [com.finndog.mvs.MVSCommon/]: Moog's Voyager Structures: Empty or nonexistent pool: mvs:farm/side_pool which is being called from mvs:other_decoration/wooden_wheat_farm
[05Feb2025 00:05:58.757] [Server thread/INFO] [net.minecraft.server.MinecraftServer/]: 789123 hit the ground too hard
[05Feb2025 00:06:49.388] [Server thread/WARN] [net.minecraft.server.MinecraftServer/]: Can't keep up! Is the server overloaded? Running 2016ms or 40 ticks behind
[05Feb2025 00:06:52.364] [Server thread/INFO] [net.minecraft.server.MinecraftServer/]: 789123 was burnt to a crisp whilst fighting Fire Dragon
[05Feb2025 00:07:26.133] [Server thread/INFO] [net.minecraft.server.MinecraftServer/]: 789123 burned to death
[05Feb2025 00:09:12.397] [Worker-Main-2/WARN] [net.minecraft.world.level.levelgen.structure.pools.JigsawPlacement/]: Empty or non-existent pool: minecraft:minecraft_empty
[05Feb2025 00:09:12.397] [Worker-Main-2/WARN] [net.minecraft.world.level.levelgen.structure.pools.JigsawPlacement/]: Empty or non-existent pool: minecraft:minecraft_empty
[05Feb2025 00:09:12.398] [Worker-Main-2/WARN] [net.minecraft.world.level.levelgen.structure.pools.JigsawPlacement/]: Empty or non-existent pool: minecraft:minecraft_empty
[05Feb2025 00:09:12.398] [Worker-Main-2/WARN] [net.minecraft.world.level.levelgen.structure.pools.JigsawPlacement/]: Empty or non-existent pool: minecraft:minecraft_empty
[05Feb2025 00:09:13.308] [Worker-Main-3/ERROR] [net.minecraft.world.entity.decoration.HangingEntity/]: Hanging entity at invalid position: BlockPos{x=-162, y=-12, z=171}
[05Feb2025 00:09:16.273] [Server thread/WARN] [net.minecraft.server.MinecraftServer/]: Can't keep up! Is the server overloaded? Running 2001ms or 40 ticks behind
[05Feb2025 00:09:33.794] [Server thread/WARN] [net.minecraft.server.MinecraftServer/]: Can't keep up! Is the server overloaded? Running 2522ms or 50 ticks behind
[05Feb2025 00:09:37.902] [Worker-Main-1/WARN] [net.minecraft.world.level.levelgen.structure.pools.JigsawPlacement/]: Empty or non-existent pool: minecraft:angler_additions_3_pool
[05Feb2025 00:10:04.409] [Server thread/INFO] [net.minecraft.server.MinecraftServer/]: [Not Secure] <kevin123j2> go zzz
[05Feb2025 00:10:09.646] [Server thread/INFO] [net.minecraft.server.MinecraftServer/]: [Not Secure] <789123> si espera
[05Feb2025 00:11:22.513] [Server thread/INFO] [net.minecraft.server.MinecraftServer/]: [Not Secure] <789123> <<<zzz
[05Feb2025 00:12:19.265] [Server thread/INFO] [net.minecraft.server.MinecraftServer/]: kevin123j2 has made the advancement [Orange You Glad?]
[05Feb2025 00:13:39.331] [Worker-Main-2/WARN] [net.minecraft.world.level.levelgen.structure.pools.JigsawPlacement/]: Empty or non-existent pool: minecraft:cook_additions_3_pool
[05Feb2025 00:13:39.331] [Worker-Main-2/WARN] [net.minecraft.world.level.levelgen.structure.pools.JigsawPlacement/]: Empty or non-existent pool: minecraft:cook_additions_4_pool
[05Feb2025 00:13:39.331] [Worker-Main-2/WARN] [net.minecraft.world.level.levelgen.structure.pools.JigsawPlacement/]: Empty or non-existent pool: minecraft:cook_additions_2_pool
[05Feb2025 00:13:39.332] [Worker-Main-2/WARN] [net.minecraft.world.level.levelgen.structure.pools.JigsawPlacement/]: Empty or non-existent pool: minecraft:cook_additions_1_pool
[05Feb2025 00:13:39.332] [Worker-Main-2/WARN] [net.minecraft.world.level.levelgen.structure.pools.JigsawPlacement/]: Empty or non-existent pool: minecraft:cook_end_1_pool
[05Feb2025 00:13:39.332] [Worker-Main-2/WARN] [net.minecraft.world.level.levelgen.structure.pools.JigsawPlacement/]: Empty or non-existent pool: minecraft:cook_end_1_pool
[05Feb2025 00:13:39.332] [Worker-Main-2/WARN] [net.minecraft.world.level.levelgen.structure.pools.JigsawPlacement/]: Empty or non-existent pool: minecraft:cook_additions_3_pool
[05Feb2025 00:13:39.332] [Worker-Main-2/WARN] [net.minecraft.world.level.levelgen.structure.pools.JigsawPlacement/]: Empty or non-existent pool: minecraft:cook_additions_3_pool
[05Feb2025 00:13:39.340] [Worker-Main-2/WARN] [net.minecraft.world.level.levelgen.structure.pools.JigsawPlacement/]: Empty or non-existent pool: minecraft:cook_end_1_pool
[05Feb2025 00:13:47.080] [Server thread/WARN] [net.minecraft.server.MinecraftServer/]: Can't keep up! Is the server overloaded? Running 2008ms or 40 ticks behind
[05Feb2025 00:14:04.354] [Server thread/WARN] [net.minecraft.server.MinecraftServer/]: Can't keep up! Is the server overloaded? Running 2282ms or 45 ticks behind
[05Feb2025 00:14:17.868] [Worker-Main-1/WARN] [net.minecraft.world.level.levelgen.heightproviders.UniformHeight/]: Empty height range: [-33 absolute--50 absolute]
[05Feb2025 00:14:20.251] [Worker-Main-1/WARN] [com.finndog.mvs.MVSCommon/]: Moog's Voyager Structures: Empty or nonexistent pool: mvs:farm/side_pool which is being called from mvs:nature/long_oak_pathway
[05Feb2025 00:14:20.251] [Worker-Main-1/WARN] [com.finndog.mvs.MVSCommon/]: Moog's Voyager Structures: Empty or nonexistent pool: mvs:farm/side_pool which is being called from mvs:nature/long_oak_pathway
[05Feb2025 00:14:20.251] [Worker-Main-1/WARN] [com.finndog.mvs.MVSCommon/]: Moog's Voyager Structures: Empty or nonexistent pool: mvs:farm/side_pool which is being called from mvs:nature/long_oak_pathway
[05Feb2025 00:14:20.251] [Worker-Main-1/WARN] [com.finndog.mvs.MVSCommon/]: Moog's Voyager Structures: Empty or nonexistent pool: mvs:farm/side_pool which is being called from mvs:nature/long_oak_pathway
[05Feb2025 00:14:20.251] [Worker-Main-1/WARN] [com.finndog.mvs.MVSCommon/]: Moog's Voyager Structures: Empty or nonexistent pool: mvs:farm/side_pool which is being called from mvs:nature/long_oak_pathway
[05Feb2025 00:14:23.508] [Server thread/WARN] [net.minecraft.server.MinecraftServer/]: Can't keep up! Is the server overloaded? Running 4186ms or 83 ticks behind
[05Feb2025 00:14:47.679] [Server thread/WARN] [net.minecraft.server.MinecraftServer/]: Can't keep up! Is the server overloaded? Running 9207ms or 184 ticks behind
[05Feb2025 00:15:05.009] [Server thread/WARN] [net.minecraft.server.MinecraftServer/]: Can't keep up! Is the server overloaded? Running 2337ms or 46 ticks behind
[05Feb2025 00:15:11.941] [Server thread/INFO] [net.minecraft.server.network.ServerGamePacketListenerImpl/]: 789123 lost connection: Disconnected
[05Feb2025 00:15:11.942] [Server thread/INFO] [net.minecraft.server.MinecraftServer/]: 789123 left the game
[05Feb2025 00:16:43.643] [Server thread/WARN] [net.minecraft.server.level.ServerPlayerGameMode/]: Mismatch in destroy block pos: BlockPos{x=-265, y=66, z=-28} BlockPos{x=-265, y=67, z=-28}
[05Feb2025 00:17:56.646] [Server thread/WARN] [net.minecraft.server.level.ServerPlayerGameMode/]: Mismatch in destroy block pos: BlockPos{x=-269, y=74, z=-27} BlockPos{x=-270, y=74, z=-27}
[05Feb2025 00:18:24.719] [Server thread/WARN] [net.minecraft.server.level.ServerPlayerGameMode/]: Mismatch in destroy block pos: BlockPos{x=-264, y=67, z=-28} BlockPos{x=-264, y=68, z=-28}
[05Feb2025 00:24:42.890] [Server thread/INFO] [net.minecraft.server.network.ServerGamePacketListenerImpl/]: kevin123j2 lost connection: Disconnected
[05Feb2025 00:24:42.890] [Server thread/INFO] [net.minecraft.server.MinecraftServer/]: kevin123j2 left the game
[05Feb2025 00:24:51.027] [Server thread/INFO] [net.minecraft.server.MinecraftServer/]: Stopping the server
[05Feb2025 00:24:51.072] [Server thread/INFO] [net.minecraft.server.MinecraftServer/]: Stopping server
[05Feb2025 00:24:51.074] [Server thread/INFO] [net.minecraft.server.MinecraftServer/]: Saving players
[05Feb2025 00:24:51.074] [Server thread/INFO] [net.minecraft.server.MinecraftServer/]: Saving worlds
[05Feb2025 00:24:51.141] [Server thread/INFO] [net.minecraft.server.MinecraftServer/]: Saving chunks for level 'ServerLevel[world]'/minecraft:overworld
[05Feb2025 00:24:51.204] [Server thread/INFO] [net.minecraft.server.MinecraftServer/]: Saving chunks for level 'ServerLevel[world]'/minecraft:the_nether
[05Feb2025 00:24:51.205] [Server thread/INFO] [net.minecraft.server.MinecraftServer/]: Saving chunks for level 'ServerLevel[world]'/minecraft:the_end
[05Feb2025 00:24:51.206] [Server thread/INFO] [surveyor/]: [Surveyor] Saving server data...
[05Feb2025 00:24:51.521] [Server thread/INFO] [surveyor/]: [Surveyor] Finished saving data for minecraft:overworld | cleaned 3 terrain regions, 0 structure regions, 0 landmarks
[05Feb2025 00:24:51.521] [Server thread/INFO] [surveyor/]: [Surveyor] Finished saving server data.
[05Feb2025 00:24:51.672] [Server thread/INFO] [net.minecraft.server.MinecraftServer/]: ThreadedAnvilChunkStorage (world): All chunks are saved
[05Feb2025 00:24:51.672] [Server thread/INFO] [net.minecraft.server.MinecraftServer/]: ThreadedAnvilChunkStorage (DIM-1): All chunks are saved
[05Feb2025 00:24:51.672] [Server thread/INFO] [net.minecraft.server.MinecraftServer/]: ThreadedAnvilChunkStorage (DIM1): All chunks are saved
[05Feb2025 00:24:51.673] [Server thread/INFO] [net.minecraft.server.MinecraftServer/]: ThreadedAnvilChunkStorage: All dimensions are saved
[05Feb2025 00:24:51.693] [Server thread/INFO] [com.yellowbrossproductions.illageandspillage.IllageAndSpillage/]: Removed entity.illageandspillage.boss_randomizer from Raids to prevent a post-mod-removal crash
[05Feb2025 00:24:51.693] [Server thread/INFO] [com.yellowbrossproductions.illageandspillage.IllageAndSpillage/]: Removed entity.illageandspillage.igniter from Raids to prevent a post-mod-removal crash
[05Feb2025 00:24:51.693] [Server thread/INFO] [com.yellowbrossproductions.illageandspillage.IllageAndSpillage/]: Removed entity.illageandspillage.engineer from Raids to prevent a post-mod-removal crash
[05Feb2025 00:24:51.694] [Server thread/INFO] [com.yellowbrossproductions.illageandspillage.IllageAndSpillage/]: Removed entity.illageandspillage.twittollager from Raids to prevent a post-mod-removal crash
[05Feb2025 00:24:51.694] [Server thread/INFO] [com.yellowbrossproductions.illageandspillage.IllageAndSpillage/]: Removed entity.illageandspillage.magispeller from Raids to prevent a post-mod-removal crash
[05Feb2025 00:24:51.695] [Server thread/INFO] [com.yellowbrossproductions.illageandspillage.IllageAndSpillage/]: Removed entity.illageandspillage.spiritcaller from Raids to prevent a post-mod-removal crash
[05Feb2025 00:24:51.695] [Server thread/INFO] [com.yellowbrossproductions.illageandspillage.IllageAndSpillage/]: Removed entity.illageandspillage.crocofang from Raids to prevent a post-mod-removal crash
[05Feb2025 00:24:51.696] [Server thread/INFO] [com.yellowbrossproductions.illageandspillage.IllageAndSpillage/]: Removed entity.illageandspillage.absorber from Raids to prevent a post-mod-removal crash
[05Feb2025 00:24:51.696] [Server thread/INFO] [com.yellowbrossproductions.illageandspillage.IllageAndSpillage/]: Removed entity.illageandspillage.preserver from Raids to prevent a post-mod-removal crash
[05Feb2025 00:24:51.696] [Server thread/INFO] [com.yellowbrossproductions.illageandspillage.IllageAndSpillage/]: Removed entity.illageandspillage.freakager from Raids to prevent a post-mod-removal crash
[05Feb2025 00:24:51.697] [Server thread/INFO] [com.yellowbrossproductions.illageandspillage.IllageAndSpillage/]: Removed entity.illageandspillage.old_freakager from Raids to prevent a post-mod-removal crash
[05Feb2025 00:24:51.697] [Server thread/INFO] [com.yellowbrossproductions.illageandspillage.IllageAndSpillage/]: Removed entity.illageandspillage.old_magispeller from Raids to prevent a post-mod-removal crash
[05Feb2025 00:24:51.746] [Server thread/INFO] [com.yellowbrossproductions.illageandspillage.IllageAndSpillage/]: Removed entity.illageandspillage.boss_randomizer from Raids to prevent a post-mod-removal crash
[05Feb2025 00:24:51.746] [Server thread/INFO] [com.yellowbrossproductions.illageandspillage.IllageAndSpillage/]: Removed entity.illageandspillage.igniter from Raids to prevent a post-mod-removal crash
[05Feb2025 00:24:51.746] [Server thread/INFO] [com.yellowbrossproductions.illageandspillage.IllageAndSpillage/]: Removed entity.illageandspillage.engineer from Raids to prevent a post-mod-removal crash
[05Feb2025 00:24:51.746] [Server thread/INFO] [com.yellowbrossproductions.illageandspillage.IllageAndSpillage/]: Removed entity.illageandspillage.twittollager from Raids to prevent a post-mod-removal crash
[05Feb2025 00:24:51.746] [Server thread/INFO] [com.yellowbrossproductions.illageandspillage.IllageAndSpillage/]: Removed entity.illageandspillage.magispeller from Raids to prevent a post-mod-removal crash
[05Feb2025 00:24:51.746] [Server thread/INFO] [com.yellowbrossproductions.illageandspillage.IllageAndSpillage/]: Removed entity.illageandspillage.spiritcaller from Raids to prevent a post-mod-removal crash
[05Feb2025 00:24:51.747] [Server thread/INFO] [com.yellowbrossproductions.illageandspillage.IllageAndSpillage/]: Removed entity.illageandspillage.crocofang from Raids to prevent a post-mod-removal crash
[05Feb2025 00:24:51.747] [Server thread/INFO] [com.yellowbrossproductions.illageandspillage.IllageAndSpillage/]: Removed entity.illageandspillage.absorber from Raids to prevent a post-mod-removal crash
[05Feb2025 00:24:51.747] [Server thread/INFO] [com.yellowbrossproductions.illageandspillage.IllageAndSpillage/]: Removed entity.illageandspillage.preserver from Raids to prevent a post-mod-removal crash
[05Feb2025 00:24:51.747] [Server thread/INFO] [com.yellowbrossproductions.illageandspillage.IllageAndSpillage/]: Removed entity.illageandspillage.freakager from Raids to prevent a post-mod-removal crash
[05Feb2025 00:24:51.747] [Server thread/INFO] [com.yellowbrossproductions.illageandspillage.IllageAndSpillage/]: Removed entity.illageandspillage.old_freakager from Raids to prevent a post-mod-removal crash
[05Feb2025 00:24:51.747] [Server thread/INFO] [com.yellowbrossproductions.illageandspillage.IllageAndSpillage/]: Removed entity.illageandspillage.old_magispeller from Raids to prevent a post-mod-removal crash
[05Feb2025 00:24:51.748] [Server thread/INFO] [com.yellowbrossproductions.illageandspillage.IllageAndSpillage/]: Removed entity.illageandspillage.boss_randomizer from Raids to prevent a post-mod-removal crash
[05Feb2025 00:24:51.748] [Server thread/INFO] [com.yellowbrossproductions.illageandspillage.IllageAndSpillage/]: Removed entity.illageandspillage.igniter from Raids to prevent a post-mod-removal crash
[05Feb2025 00:24:51.748] [Server thread/INFO] [com.yellowbrossproductions.illageandspillage.IllageAndSpillage/]: Removed entity.illageandspillage.engineer from Raids to prevent a post-mod-removal crash
[05Feb2025 00:24:51.748] [Server thread/INFO] [com.yellowbrossproductions.illageandspillage.IllageAndSpillage/]: Removed entity.illageandspillage.twittollager from Raids to prevent a post-mod-removal crash
[05Feb2025 00:24:51.748] [Server thread/INFO] [com.yellowbrossproductions.illageandspillage.IllageAndSpillage/]: Removed entity.illageandspillage.magispeller from Raids to prevent a post-mod-removal crash
[05Feb2025 00:24:51.748] [Server thread/INFO] [com.yellowbrossproductions.illageandspillage.IllageAndSpillage/]: Removed entity.illageandspillage.spiritcaller from Raids to prevent a post-mod-removal crash
[05Feb2025 00:24:51.748] [Server thread/INFO] [com.yellowbrossproductions.illageandspillage.IllageAndSpillage/]: Removed entity.illageandspillage.crocofang from Raids to prevent a post-mod-removal crash
[05Feb2025 00:24:51.748] [Server thread/INFO] [com.yellowbrossproductions.illageandspillage.IllageAndSpillage/]: Removed entity.illageandspillage.absorber from Raids to prevent a post-mod-removal crash
[05Feb2025 00:24:51.748] [Server thread/INFO] [com.yellowbrossproductions.illageandspillage.IllageAndSpillage/]: Removed entity.illageandspillage.preserver from Raids to prevent a post-mod-removal crash
[05Feb2025 00:24:51.749] [Server thread/INFO] [com.yellowbrossproductions.illageandspillage.IllageAndSpillage/]: Removed entity.illageandspillage.freakager from Raids to prevent a post-mod-removal crash
[05Feb2025 00:24:51.749] [Server thread/INFO] [com.yellowbrossproductions.illageandspillage.IllageAndSpillage/]: Removed entity.illageandspillage.old_freakager from Raids to prevent a post-mod-removal crash
[05Feb2025 00:24:51.749] [Server thread/INFO] [com.yellowbrossproductions.illageandspillage.IllageAndSpillage/]: Removed entity.illageandspillage.old_magispeller from Raids to prevent a post-mod-removal crash
